<?xml version="1.0" encoding="UTF-8"?>
<testng-results skipped="0" failed="0" ignored="0" total="2" passed="2">
  <reporter-output>
  </reporter-output>
  <suite name="Default suite" duration-ms="31" started-at="2021-06-09T11:33:40 IST" finished-at="2021-06-09T11:33:41 IST">
    <groups>
    </groups>
    <test name="Default test" duration-ms="31" started-at="2021-06-09T11:33:40 IST" finished-at="2021-06-09T11:33:41 IST">
      <class name="com.testNG.java.BrowserLoaunch">
        <test-method status="PASS" signature="browsersetup()[pri:0, instance:com.testNG.java.BrowserLoaunch@610694f1]" name="browsersetup" is-config="true" duration-ms="16" started-at="2021-06-09T11:33:40 IST" finished-at="2021-06-09T11:33:40 IST">
          <reporter-output>
          </reporter-output>
        </test-method> <!-- browsersetup -->
        <test-method status="PASS" signature="browser()[pri:0, instance:com.testNG.java.BrowserLoaunch@610694f1]" name="browser" is-config="true" duration-ms="0" started-at="2021-06-09T11:33:40 IST" finished-at="2021-06-09T11:33:40 IST">
          <reporter-output>
          </reporter-output>
        </test-method> <!-- browser -->
        <test-method status="PASS" signature="login()[pri:0, instance:com.testNG.java.BrowserLoaunch@610694f1]" name="login" is-config="true" duration-ms="0" started-at="2021-06-09T11:33:41 IST" finished-at="2021-06-09T11:33:41 IST">
          <reporter-output>
          </reporter-output>
        </test-method> <!-- login -->
        <test-method status="PASS" signature="url()[pri:0, instance:com.testNG.java.BrowserLoaunch@610694f1]" name="url" is-config="true" duration-ms="0" started-at="2021-06-09T11:33:41 IST" finished-at="2021-06-09T11:33:41 IST">
          <reporter-output>
          </reporter-output>
        </test-method> <!-- url -->
        <test-method status="PASS" signature="addtocart()[pri:0, instance:com.testNG.java.BrowserLoaunch@610694f1]" name="addtocart" duration-ms="16" started-at="2021-06-09T11:33:41 IST" finished-at="2021-06-09T11:33:41 IST">
          <reporter-output>
          </reporter-output>
        </test-method> <!-- addtocart -->
        <test-method status="PASS" signature="logout()[pri:0, instance:com.testNG.java.BrowserLoaunch@610694f1]" name="logout" is-config="true" duration-ms="0" started-at="2021-06-09T11:33:41 IST" finished-at="2021-06-09T11:33:41 IST">
          <reporter-output>
          </reporter-output>
        </test-method> <!-- logout -->
        <test-method status="PASS" signature="close()[pri:0, instance:com.testNG.java.BrowserLoaunch@610694f1]" name="close" is-config="true" duration-ms="0" started-at="2021-06-09T11:33:41 IST" finished-at="2021-06-09T11:33:41 IST">
          <reporter-output>
          </reporter-output>
        </test-method> <!-- close -->
        <test-method status="PASS" signature="iphonesearch()[pri:0, instance:com.testNG.java.BrowserLoaunch@610694f1]" name="iphonesearch" duration-ms="0" started-at="2021-06-09T11:33:41 IST" finished-at="2021-06-09T11:33:41 IST">
          <reporter-output>
          </reporter-output>
        </test-method> <!-- iphonesearch -->
        <test-method status="PASS" signature="verification()[pri:0, instance:com.testNG.java.BrowserLoaunch@610694f1]" name="verification" is-config="true" duration-ms="0" started-at="2021-06-09T11:33:41 IST" finished-at="2021-06-09T11:33:41 IST">
          <reporter-output>
          </reporter-output>
        </test-method> <!-- verification -->
        <test-method status="PASS" signature="logout()[pri:0, instance:com.testNG.java.BrowserLoaunch@610694f1]" name="logout" is-config="true" duration-ms="0" started-at="2021-06-09T11:33:41 IST" finished-at="2021-06-09T11:33:41 IST">
          <reporter-output>
          </reporter-output>
        </test-method> <!-- logout -->
        <test-method status="PASS" signature="login()[pri:0, instance:com.testNG.java.BrowserLoaunch@610694f1]" name="login" is-config="true" duration-ms="0" started-at="2021-06-09T11:33:41 IST" finished-at="2021-06-09T11:33:41 IST">
          <reporter-output>
          </reporter-output>
        </test-method> <!-- login -->
        <test-method status="PASS" signature="coookies()[pri:0, instance:com.testNG.java.BrowserLoaunch@610694f1]" name="coookies" is-config="true" duration-ms="0" started-at="2021-06-09T11:33:41 IST" finished-at="2021-06-09T11:33:41 IST">
          <reporter-output>
          </reporter-output>
        </test-method> <!-- coookies -->
      </class> <!-- com.testNG.java.BrowserLoaunch -->
    </test> <!-- Default test -->
  </suite> <!-- Default suite -->
</testng-results>
